This file contains any messages produced by compilers while
running configure, to aid debugging if configure makes a mistake.

It was created by configure, which was
generated by GNU Autoconf 2.52.  Invocation command line was

  $ ./configure 

## ---------- ##
## Platform.  ##
## ---------- ##

hostname = daneel
uname -m = aarch64
uname -r = 6.14.0-32-qcom-x1e
uname -s = Linux
uname -v = #32-Ubuntu SMP PREEMPT_DYNAMIC Fri Mar 21 11:21:06 UTC 2025

/usr/bin/uname -p = unknown
/bin/uname -X     = unknown

/bin/arch              = unknown
/usr/bin/arch -k       = unknown
/usr/convex/getsysinfo = unknown
hostinfo               = unknown
/bin/machine           = unknown
/usr/bin/oslevel       = unknown
/bin/universe          = unknown

PATH = /home/cjorr/.local/bin:/home/cjorr/bin:/home/cjorr/.local/udocker:/home/cjorr/svn/unixteam/bin:/opt/cisco/anyconnect/bin:/home/cjorr/.local/bin:/home/cjorr/bin:/home/cjorr/.local/udocker:/home/cjorr/svn/unixteam/bin:/opt/cisco/anyconnect/bin:/usr/local/sbin:/usr/local/bin:/usr/bin:/usr/lib/jvm/default/bin:/usr/bin/site_perl:/usr/bin/vendor_perl:/usr/bin/core_perl

## ------------ ##
## Core tests.  ##
## ------------ ##

configure:925: PATH=".;."; conftest.sh
./configure: line 926: conftest.sh: command not found
configure:928: $? = 127
configure:980: checking for gcc
configure:995: found /usr/bin/gcc
configure:1003: result: gcc
configure:1231: checking for C compiler version
configure:1234: gcc --version </dev/null >&5
gcc (GCC) 14.2.1 20250207
Copyright (C) 2024 Free Software Foundation, Inc.
This is free software; see the source for copying conditions.  There is NO
warranty; not even for MERCHANTABILITY or FITNESS FOR A PARTICULAR PURPOSE.

configure:1237: $? = 0
configure:1239: gcc -v </dev/null >&5
Using built-in specs.
COLLECT_GCC=gcc
COLLECT_LTO_WRAPPER=/usr/lib/gcc/aarch64-unknown-linux-gnu/14.2.1/lto-wrapper
Target: aarch64-unknown-linux-gnu
Configured with: /build/gcc/src/gcc/configure --enable-languages=c,c++,d,fortran,go,lto,m2,objc,obj-c++,rust --enable-bootstrap --prefix=/usr --libdir=/usr/lib --libexecdir=/usr/lib --mandir=/usr/share/man --infodir=/usr/share/info --with-bugurl=https://github.com/archlinuxarm/PKGBUILDs/issues --with-linker-hash-style=gnu --with-system-zlib --enable-__cxa_atexit --enable-checking=release --enable-clocale=gnu --enable-default-pie --enable-default-ssp --enable-gnu-indirect-function --enable-gnu-unique-object --enable-libstdcxx-backtrace --enable-linker-build-id --enable-lto --enable-plugin --enable-shared --enable-threads=posix --disable-libssp --disable-libstdcxx-pch --disable-multilib --disable-werror --host=aarch64-unknown-linux-gnu --build=aarch64-unknown-linux-gnu --with-arch=armv8-a --enable-fix-cortex-a53-835769 --enable-fix-cortex-a53-843419
Thread model: posix
Supported LTO compression algorithms: zlib zstd
gcc version 14.2.1 20250207 (GCC) 
configure:1242: $? = 0
configure:1244: gcc -V </dev/null >&5
gcc: error: unrecognized command-line option '-V'
gcc: fatal error: no input files
compilation terminated.
configure:1247: $? = 1
configure:1267: checking for C compiler default output
configure:1270: gcc    conftest.c  >&5
configure:1273: $? = 0
configure:1302: result: a.out
configure:1307: checking whether the C compiler works
configure:1313: ./a.out
configure:1316: $? = 0
configure:1331: result: yes
configure:1338: checking whether we are cross compiling
configure:1340: result: no
configure:1343: checking for executable suffix
configure:1345: gcc -o conftest    conftest.c  >&5
configure:1348: $? = 0
configure:1370: result: 
configure:1376: checking for object suffix
configure:1394: gcc -c   conftest.c >&5
configure:1397: $? = 0
configure:1416: result: o
configure:1420: checking whether we are using the GNU C compiler
configure:1441: gcc -c   conftest.c >&5
configure:1444: $? = 0
configure:1447: test -s conftest.o
configure:1450: $? = 0
configure:1462: result: yes
configure:1468: checking whether gcc accepts -g
configure:1486: gcc -c -g  conftest.c >&5
configure:1489: $? = 0
configure:1492: test -s conftest.o
configure:1495: $? = 0
configure:1505: result: yes
configure:1532: gcc -c -g -O2  conftest.c >&5
conftest.c:2:3: error: unknown type name 'choke'
    2 |   choke me
      |   ^~~~~
conftest.c:2:3: error: expected '=', ',', ';', 'asm' or '__attribute__' at end of input
configure:1535: $? = 1
configure: failed program was:
#ifndef __cplusplus
  choke me
#endif
configure:1670: checking for a BSD compatible install
configure:1719: result: /usr/bin/install -c
configure:1736: checking build system type
configure:1754: result: aarch64-unknown-linux-gnu
configure:1761: checking host system type
configure:1775: result: aarch64-unknown-linux-gnu
configure:1782: checking target system type
configure:1796: result: aarch64-unknown-linux-gnu
configure:2134: checking whether build environment is sane
configure:2177: result: yes
configure:2210: checking for mawk
configure:2236: result: no
configure:2210: checking for gawk
configure:2225: found /usr/bin/gawk
configure:2233: result: gawk
configure:2243: checking whether make sets ${MAKE}
configure:2263: result: yes
configure:2308: checking for style of include used by make
configure:2335: result: GNU
configure:2393: checking dependency style of gcc
configure:2455: result: gcc3
configure:2464: checking how to run the C preprocessor
configure:2490: gcc -E  conftest.c
configure:2496: $? = 0
configure:2523: gcc -E  conftest.c
configure:2520:10: fatal error: ac_nonexistent.h: No such file or directory
 2520 | #include "confdefs.h"
      |          ^~~~~~~~~~~~      
compilation terminated.
configure:2529: $? = 1
configure: failed program was:
#line 2519 "configure"
#include "confdefs.h"
#include <ac_nonexistent.h>
configure:2566: result: gcc -E
configure:2581: gcc -E  conftest.c
configure:2587: $? = 0
configure:2614: gcc -E  conftest.c
configure:2611:10: fatal error: ac_nonexistent.h: No such file or directory
 2611 | #include "confdefs.h"
      |          ^~~~~~~~~~~~      
compilation terminated.
configure:2620: $? = 1
configure: failed program was:
#line 2610 "configure"
#include "confdefs.h"
#include <ac_nonexistent.h>
configure:2659: checking for ANSI C header files
configure:2673: gcc -E  conftest.c
configure:2679: $? = 0
configure:2766: gcc -o conftest -g -O2   conftest.c  >&5
configure: In function 'main':
configure:2758:7: error: implicit declaration of function 'exit' [-Wimplicit-function-declaration]
 2758 |   for (i = 0; i < 256; i++)
      |       ^~~~
configure:2742:1: note: include '<stdlib.h>' or provide a declaration of 'exit'
 2741 | #include "confdefs.h"
  +++ |+#include <stdlib.h>
 2742 | #include <ctype.h>
configure:2758:7: warning: incompatible implicit declaration of built-in function 'exit' [-Wbuiltin-declaration-mismatch]
 2758 |   for (i = 0; i < 256; i++)
      |       ^~~~
configure:2758:7: note: include '<stdlib.h>' or provide a declaration of 'exit'
configure:2759:3: warning: incompatible implicit declaration of built-in function 'exit' [-Wbuiltin-declaration-mismatch]
 2759 |     if (XOR (islower (i), ISLOWER (i))
      |   ^ ~~
configure:2759:3: note: include '<stdlib.h>' or provide a declaration of 'exit'
configure:2769: $? = 1
configure: program exited with status 1
configure: failed program was:
#line 2740 "configure"
#include "confdefs.h"
#include <ctype.h>
#if ((' ' & 0x0FF) == 0x020)
# define ISLOWER(c) ('a' <= (c) && (c) <= 'z')
# define TOUPPER(c) (ISLOWER(c) ? 'A' + ((c) - 'a') : (c))
#else
# define ISLOWER(c) (('a' <= (c) && (c) <= 'i')                      || ('j' <= (c) && (c) <= 'r')                      || ('s' <= (c) && (c) <= 'z'))
# define TOUPPER(c) (ISLOWER(c) ? ((c) | 0x40) : (c))
#endif

#define XOR(e, f) (((e) && !(f)) || (!(e) && (f)))
int
main ()
{
  int i;
  for (i = 0; i < 256; i++)
    if (XOR (islower (i), ISLOWER (i))
        || toupper (i) != TOUPPER (i))
      exit(2);
  exit (0);
}
configure:2787: result: no
configure:2797: checking whether time.h and sys/time.h may both be included
configure:2819: gcc -c -g -O2  conftest.c >&5
configure:2822: $? = 0
configure:2825: test -s conftest.o
configure:2828: $? = 0
configure:2838: result: yes
configure:2851: checking for netdb.h
configure:2861: gcc -E  conftest.c
configure:2867: $? = 0
configure:2886: result: yes
configure:2851: checking for netinet/in.h
configure:2861: gcc -E  conftest.c
configure:2867: $? = 0
configure:2886: result: yes
configure:2851: checking for stdlib.h
configure:2861: gcc -E  conftest.c
configure:2867: $? = 0
configure:2886: result: yes
configure:2851: checking for string.h
configure:2861: gcc -E  conftest.c
configure:2867: $? = 0
configure:2886: result: yes
configure:2851: checking for sys/socket.h
configure:2861: gcc -E  conftest.c
configure:2867: $? = 0
configure:2886: result: yes
configure:2851: checking for sys/time.h
configure:2861: gcc -E  conftest.c
configure:2867: $? = 0
configure:2886: result: yes
configure:2851: checking for unistd.h
configure:2861: gcc -E  conftest.c
configure:2867: $? = 0
configure:2886: result: yes
configure:2899: checking for gethostbyname
configure:2936: gcc -o conftest -g -O2   conftest.c  >&5
configure:2939: $? = 0
configure:2942: test -s conftest
configure:2945: $? = 0
configure:2955: result: yes
configure:2899: checking for memset
configure:2936: gcc -o conftest -g -O2   conftest.c  >&5
configure:2915:6: warning: conflicting types for built-in function 'memset'; expected 'void *(void *, int,  long unsigned int)' [-Wbuiltin-declaration-mismatch]
 2915 |    builtin and then its argument prototype would still apply.  */
      |      ^~~~~~
configure:2909:1: note: 'memset' is declared in header '<string.h>'
 2908 |     which can conflict with char $ac_func (); below.  */
  +++ |+#include <string.h>
 2909 | #include <assert.h>
configure:2939: $? = 0
configure:2942: test -s conftest
configure:2945: $? = 0
configure:2955: result: yes
configure:2899: checking for select
configure:2936: gcc -o conftest -g -O2   conftest.c  >&5
configure:2939: $? = 0
configure:2942: test -s conftest
configure:2945: $? = 0
configure:2955: result: yes
configure:2899: checking for socket
configure:2936: gcc -o conftest -g -O2   conftest.c  >&5
configure:2939: $? = 0
configure:2942: test -s conftest
configure:2945: $? = 0
configure:2955: result: yes
configure:3075: creating ./config.status

## ----------------------- ##
## Running config.status.  ##
## ----------------------- ##

This file was extended by config.status 2.52, executed with
  CONFIG_FILES    = 
  CONFIG_HEADERS  = 
  CONFIG_LINKS    = 
  CONFIG_COMMANDS = 
  > ./config.status 
on daneel

config.status:3550: creating Makefile

## ----------------- ##
## Cache variables.  ##
## ----------------- ##

ac_cv_build=aarch64-unknown-linux-gnu
ac_cv_build_alias=aarch64-unknown-linux-gnu
ac_cv_c_compiler_gnu=yes
ac_cv_env_CC_set=
ac_cv_env_CC_value=
ac_cv_env_CFLAGS_set=
ac_cv_env_CFLAGS_value=
ac_cv_env_CPPFLAGS_set=
ac_cv_env_CPPFLAGS_value=
ac_cv_env_CPP_set=
ac_cv_env_CPP_value=
ac_cv_env_LDFLAGS_set=
ac_cv_env_LDFLAGS_value=
ac_cv_env_build_alias_set=
ac_cv_env_build_alias_value=
ac_cv_env_host_alias_set=
ac_cv_env_host_alias_value=
ac_cv_env_target_alias_set=
ac_cv_env_target_alias_value=
ac_cv_func_gethostbyname=yes
ac_cv_func_memset=yes
ac_cv_func_select=yes
ac_cv_func_socket=yes
ac_cv_header_netdb_h=yes
ac_cv_header_netinet_in_h=yes
ac_cv_header_stdc=no
ac_cv_header_stdlib_h=yes
ac_cv_header_string_h=yes
ac_cv_header_sys_socket_h=yes
ac_cv_header_sys_time_h=yes
ac_cv_header_time=yes
ac_cv_header_unistd_h=yes
ac_cv_host=aarch64-unknown-linux-gnu
ac_cv_host_alias=aarch64-unknown-linux-gnu
ac_cv_objext=o
ac_cv_path_install='/usr/bin/install -c'
ac_cv_prog_AWK=gawk
ac_cv_prog_CPP='gcc -E'
ac_cv_prog_ac_ct_CC=gcc
ac_cv_prog_cc_g=yes
ac_cv_prog_make_make_set=yes
ac_cv_target=aarch64-unknown-linux-gnu
ac_cv_target_alias=aarch64-unknown-linux-gnu
am_cv_CC_dependencies_compiler_type=gcc3

## ------------ ##
## confdefs.h.  ##
## ------------ ##

#define PACKAGE "dhcping"
#define VERSION "1.2"
#define TIME_WITH_SYS_TIME 1
#define HAVE_NETDB_H 1
#define HAVE_NETINET_IN_H 1
#define HAVE_STDLIB_H 1
#define HAVE_STRING_H 1
#define HAVE_SYS_SOCKET_H 1
#define HAVE_SYS_TIME_H 1
#define HAVE_UNISTD_H 1
#define HAVE_GETHOSTBYNAME 1
#define HAVE_MEMSET 1
#define HAVE_SELECT 1
#define HAVE_SOCKET 1


configure: exit 0
